\BOOKMARK [0][-]{Doc-Start}{概要}{}% 1
\BOOKMARK [0][-]{chapter.1}{序論}{}% 2
\BOOKMARK [1][-]{section.1.1}{素粒子標準模型 soryuushi}{chapter.1}% 3
\BOOKMARK [1][-]{section.1.2}{LHC}{chapter.1}% 4
\BOOKMARK [1][-]{section.1.3}{ATLAS実験}{chapter.1}% 5
\BOOKMARK [1][-]{section.1.4}{HL-LHCアップグレード}{chapter.1}% 6
\BOOKMARK [0][-]{chapter.2}{シリコンピクセル検出器}{}% 7
\BOOKMARK [1][-]{section.2.1}{半導体検出器の一般論}{chapter.2}% 8
\BOOKMARK [1][-]{section.2.2}{ピクセル検出器}{chapter.2}% 9
\BOOKMARK [1][-]{section.2.3}{現行ピクセル検出器}{chapter.2}% 10
\BOOKMARK [1][-]{section.2.4}{新型ピクセル検出器}{chapter.2}% 11
\BOOKMARK [0][-]{chapter.3}{現行ピクセルモジュールの電荷較正}{}% 12
\BOOKMARK [1][-]{section.3.1}{チューニング}{chapter.3}% 13
\BOOKMARK [1][-]{section.3.2}{電荷較正}{chapter.3}% 14
\BOOKMARK [1][-]{section.3.3}{電荷較正における問題点}{chapter.3}% 15
\BOOKMARK [0][-]{chapter.4}{電荷補正の最適化}{}% 16
\BOOKMARK [1][-]{section.4.1}{これまでの補正方法}{chapter.4}% 17
\BOOKMARK [1][-]{section.4.2}{電荷較正の補正}{chapter.4}% 18
\BOOKMARK [1][-]{section.4.3}{データが欠陥した際の補正}{chapter.4}% 19
\BOOKMARK [1][-]{section.4.4}{本章のまとめ}{chapter.4}% 20
\BOOKMARK [0][-]{chapter.5}{次世代ピクセル検出器の量産}{}% 21
\BOOKMARK [1][-]{section.5.1}{次世代ピクセル検出器の組み立て部品}{chapter.5}% 22
\BOOKMARK [1][-]{section.5.2}{次世代ピクセル検出器の組み立て工程}{chapter.5}% 23
\BOOKMARK [1][-]{section.5.3}{品質試験}{chapter.5}% 24
\BOOKMARK [1][-]{section.5.4}{量産における試験結果管理}{chapter.5}% 25
\BOOKMARK [0][-]{chapter.6}{モジュール量産におけるデータベースシステム}{}% 26
\BOOKMARK [1][-]{section.6.1}{量産に用いるデータベースの概要}{chapter.6}% 27
\BOOKMARK [1][-]{section.6.2}{ローカルデータベースの構造}{chapter.6}% 28
\BOOKMARK [1][-]{section.6.3}{モジュールの品質試験に必要な開発項目}{chapter.6}% 29
\BOOKMARK [0][-]{chapter.7}{試験結果データ管理システムの開発}{}% 30
\BOOKMARK [1][-]{section.7.1}{品質試験結果の表示機能}{chapter.7}% 31
\BOOKMARK [1][-]{section.7.2}{品質試験結果の管理機能}{chapter.7}% 32
\BOOKMARK [1][-]{section.7.3}{中央データベースとローカルデータベースの同期機能}{chapter.7}% 33
\BOOKMARK [1][-]{section.7.4}{本章のまとめ}{chapter.7}% 34
\BOOKMARK [0][-]{chapter.8}{まとめ}{}% 35
\BOOKMARK [1][-]{section.8.1}{まとめ}{chapter.8}% 36
\BOOKMARK [1][-]{section.8.2}{今後の課題}{chapter.8}% 37
\BOOKMARK [0][-]{appendix.A}{非読み出し試験結果のブラウザ表示}{}% 38
\BOOKMARK [1][-]{section.A.1}{非読み出し試験結果のブラウザ表示}{appendix.A}% 39
\BOOKMARK [1][-]{section.A.2}{ピクセル検出器の基本特性のブラウザ表示}{appendix.A}% 40
\BOOKMARK [0][-]{appendix*.26}{参考文献}{}% 41
\BOOKMARK [0][-]{appendix*.27}{謝辞}{}% 42
