This is e-pTeX, Version 3.14159265-p3.7.1-161114-2.6 (utf8.euc) (TeX Live 2017) (preloaded format=platex 2017.7.12)  7 FEB 2020 19:16
entering extended mode
 restricted \write18 enabled.
 file:line:error style messages enabled.
 %&-line parsing enabled.
**chap2.tex
(./chap2.tex
pLaTeX2e <2017/05/05> (based on LaTeX2e <2017-04-15>)
Babel <3.12> and hyphenation patterns for 84 language(s) loaded.
./chap2.tex:1: Undefined control sequence.
l.1 \chapter
            {実験装置}
? 
./chap2.tex:1: Emergency stop.
l.1 \chapter
            {実験装置}
End of file on the terminal!

 
Here is how much of TeX's memory you used:
 4 strings out of 493648
 34 string characters out of 6148806
 54446 words of memory out of 5000000
 3695 multiletter control sequences out of 15000+600000
 7511 words of font info for 31 fonts, out of 8000000 for 9000
 929 hyphenation exceptions out of 8191
 5i,0n,3p,30b,8s stack positions out of 5000i,500n,10000p,200000b,80000s
No pages of output.

